#
# There is insufficient memory for the Java Runtime Environment to continue.
# Cannot create GC thread. Out of system resources.
# Possible reasons:
#   The system is out of physical RAM or swap space
#   In 32 bit mode, the process size limit was hit
# Possible solutions:
#   Reduce memory load on the system
#   Increase physical memory or swap space
#   Check if swap backing store is full
#   Use 64 bit Java on a 64 bit OS
#   Decrease Java heap size (-Xmx/-Xms)
#   Decrease number of Java threads
#   Decrease Java thread stack sizes (-Xss)
#   Set larger code cache with -XX:ReservedCodeCacheSize=
# This output file may be truncated or incomplete.
#
#  Out of Memory Error (gcTaskThread.cpp:46), pid=22844, tid=139659583948544
#
# JRE version:  (7.0_71-b14) (build )
# Java VM: Java HotSpot(TM) 64-Bit Server VM (24.71-b01 mixed mode linux-amd64 compressed oops)
# Failed to write core dump. Core dumps have been disabled. To enable core dumping, try "ulimit -c unlimited" before starting Java again
#

---------------  T H R E A D  ---------------

Current thread (0x00007f0500008800):  JavaThread "Unknown thread" [_thread_in_vm, id=22845, stack(0x00007f0507d40000,0x00007f0507e41000)]

Stack: [0x00007f0507d40000,0x00007f0507e41000],  sp=0x00007f0507e3f540,  free space=1021k
Native frames: (J=compiled Java code, j=interpreted, Vv=VM code, C=native code)
V  [libjvm.so+0x9a0a1a]  VMError::report_and_die()+0x2ea
V  [libjvm.so+0x4974bb]  report_vm_out_of_memory(char const*, int, unsigned long, char const*)+0x9b
V  [libjvm.so+0x5576aa]  GCTaskThread::GCTaskThread(GCTaskManager*, unsigned int, unsigned int)+0x11a
V  [libjvm.so+0x556c28]  GCTaskManager::initialize()+0x2b8
V  [libjvm.so+0x83f548]  ParallelScavengeHeap::initialize()+0x6f8
V  [libjvm.so+0x97295a]  Universe::initialize_heap()+0xca
V  [libjvm.so+0x973b29]  universe_init()+0x79
V  [libjvm.so+0x5b0f15]  init_globals()+0x65
V  [libjvm.so+0x95b47d]  Threads::create_vm(JavaVMInitArgs*, bool*)+0x1ed
V  [libjvm.so+0x6391c4]  JNI_CreateJavaVM+0x74
C  [libjli.so+0x2f8e]  JavaMain+0x9e


---------------  P R O C E S S  ---------------

Java Threads: ( => current thread )

Other Threads:

=>0x00007f0500008800 (exited) JavaThread "Unknown thread" [_thread_in_vm, id=22845, stack(0x00007f0507d40000,0x00007f0507e41000)]

VM state:not at safepoint (not fully initialized)

VM Mutex/Monitor currently owned by a thread: None

GC Heap History (0 events):
No events

Deoptimization events (0 events):
No events

Internal exceptions (0 events):
No events

Events (0 events):
No events


Dynamic libraries:
00400000-00401000 r-xp 00000000 fd:00 800203                             /usr/java/jdk1.7.0_71/jre/bin/java
00600000-00601000 rw-p 00000000 fd:00 800203                             /usr/java/jdk1.7.0_71/jre/bin/java
0124a000-0126b000 rw-p 00000000 00:00 0                                  [heap]
77fc00000-781100000 rw-p 00000000 00:00 0 
781100000-784e00000 rw-p 00000000 00:00 0 
784e00000-78a000000 rw-p 00000000 00:00 0 
78a000000-7d6f00000 rw-p 00000000 00:00 0 
7d6f00000-7d9800000 rw-p 00000000 00:00 0 
7d9800000-800000000 rw-p 00000000 00:00 0 
3b18a00000-3b18a20000 r-xp 00000000 fd:00 2102770                        /lib64/ld-2.12.so
3b18c1f000-3b18c20000 r--p 0001f000 fd:00 2102770                        /lib64/ld-2.12.so
3b18c20000-3b18c21000 rw-p 00020000 fd:00 2102770                        /lib64/ld-2.12.so
3b18c21000-3b18c22000 rw-p 00000000 00:00 0 
3b18e00000-3b18e02000 r-xp 00000000 fd:00 2102777                        /lib64/libdl-2.12.so
3b18e02000-3b19002000 ---p 00002000 fd:00 2102777                        /lib64/libdl-2.12.so
3b19002000-3b19003000 r--p 00002000 fd:00 2102777                        /lib64/libdl-2.12.so
3b19003000-3b19004000 rw-p 00003000 fd:00 2102777                        /lib64/libdl-2.12.so
3b19200000-3b1938a000 r-xp 00000000 fd:00 2102771                        /lib64/libc-2.12.so
3b1938a000-3b19589000 ---p 0018a000 fd:00 2102771                        /lib64/libc-2.12.so
3b19589000-3b1958d000 r--p 00189000 fd:00 2102771                        /lib64/libc-2.12.so
3b1958d000-3b1958e000 rw-p 0018d000 fd:00 2102771                        /lib64/libc-2.12.so
3b1958e000-3b19593000 rw-p 00000000 00:00 0 
3b19600000-3b19617000 r-xp 00000000 fd:00 2102772                        /lib64/libpthread-2.12.so
3b19617000-3b19817000 ---p 00017000 fd:00 2102772                        /lib64/libpthread-2.12.so
3b19817000-3b19818000 r--p 00017000 fd:00 2102772                        /lib64/libpthread-2.12.so
3b19818000-3b19819000 rw-p 00018000 fd:00 2102772                        /lib64/libpthread-2.12.so
3b19819000-3b1981d000 rw-p 00000000 00:00 0 
3b19e00000-3b19e83000 r-xp 00000000 fd:00 2102784                        /lib64/libm-2.12.so
3b19e83000-3b1a082000 ---p 00083000 fd:00 2102784                        /lib64/libm-2.12.so
3b1a082000-3b1a083000 r--p 00082000 fd:00 2102784                        /lib64/libm-2.12.so
3b1a083000-3b1a084000 rw-p 00083000 fd:00 2102784                        /lib64/libm-2.12.so
3b1a200000-3b1a207000 r-xp 00000000 fd:00 2102773                        /lib64/librt-2.12.so
3b1a207000-3b1a406000 ---p 00007000 fd:00 2102773                        /lib64/librt-2.12.so
3b1a406000-3b1a407000 r--p 00006000 fd:00 2102773                        /lib64/librt-2.12.so
3b1a407000-3b1a408000 rw-p 00007000 fd:00 2102773                        /lib64/librt-2.12.so
7f04ff9fe000-7f04ffc45000 rw-p 00000000 00:00 0 
7f04ffc45000-7f04ffc46000 ---p 00000000 00:00 0 
7f04ffc46000-7f04ffd51000 rw-p 00000000 00:00 0 
7f04ffd51000-7f04ffd6f000 rw-p 00000000 00:00 0 
7f04ffd6f000-7f04ffd98000 rw-p 00000000 00:00 0 
7f04ffd98000-7f0500029000 rw-p 00000000 00:00 0 
7f0500029000-7f0504000000 ---p 00000000 00:00 0 
7f0504000000-7f050400b000 rw-p 00000000 00:00 0 
7f050400b000-7f0504029000 rw-p 00000000 00:00 0 
7f0504029000-7f0504052000 rw-p 00000000 00:00 0 
7f0504052000-7f05042b9000 rw-p 00000000 00:00 0 
7f05042b9000-7f05042ce000 rw-p 00000000 00:00 0 
7f05042ce000-7f0504402000 rw-p 00000000 00:00 0 
7f0504402000-7f050440d000 rw-p 00000000 00:00 0 
7f050440d000-7f05044c3000 rw-p 00000000 00:00 0 
7f05044c3000-7f0504733000 rwxp 00000000 00:00 0 
7f0504733000-7f05074c3000 rw-p 00000000 00:00 0 
7f05074c3000-7f05074dd000 r-xp 00000000 fd:00 800273                     /usr/java/jdk1.7.0_71/jre/lib/amd64/libzip.so
7f05074dd000-7f05076dd000 ---p 0001a000 fd:00 800273                     /usr/java/jdk1.7.0_71/jre/lib/amd64/libzip.so
7f05076dd000-7f05076de000 rw-p 0001a000 fd:00 800273                     /usr/java/jdk1.7.0_71/jre/lib/amd64/libzip.so
7f05076de000-7f05076ea000 r-xp 00000000 fd:00 2093086                    /lib64/libnss_files-2.12.so
7f05076ea000-7f05078ea000 ---p 0000c000 fd:00 2093086                    /lib64/libnss_files-2.12.so
7f05078ea000-7f05078eb000 r--p 0000c000 fd:00 2093086                    /lib64/libnss_files-2.12.so
7f05078eb000-7f05078ec000 rw-p 0000d000 fd:00 2093086                    /lib64/libnss_files-2.12.so
7f0507907000-7f0507930000 r-xp 00000000 fd:00 800243                     /usr/java/jdk1.7.0_71/jre/lib/amd64/libjava.so
7f0507930000-7f0507b30000 ---p 00029000 fd:00 800243                     /usr/java/jdk1.7.0_71/jre/lib/amd64/libjava.so
7f0507b30000-7f0507b32000 rw-p 00029000 fd:00 800243                     /usr/java/jdk1.7.0_71/jre/lib/amd64/libjava.so
7f0507b32000-7f0507b3f000 r-xp 00000000 fd:00 800272                     /usr/java/jdk1.7.0_71/jre/lib/amd64/libverify.so
7f0507b3f000-7f0507d3e000 ---p 0000d000 fd:00 800272                     /usr/java/jdk1.7.0_71/jre/lib/amd64/libverify.so
7f0507d3e000-7f0507d40000 rw-p 0000c000 fd:00 800272                     /usr/java/jdk1.7.0_71/jre/lib/amd64/libverify.so
7f0507d40000-7f0507d43000 ---p 00000000 00:00 0 
7f0507d43000-7f0507e41000 rw-p 00000000 00:00 0 
7f0507e41000-7f05089b3000 r-xp 00000000 fd:00 800277                     /usr/java/jdk1.7.0_71/jre/lib/amd64/server/libjvm.so
7f05089b3000-7f0508bb2000 ---p 00b72000 fd:00 800277                     /usr/java/jdk1.7.0_71/jre/lib/amd64/server/libjvm.so
7f0508bb2000-7f0508c77000 rw-p 00b71000 fd:00 800277                     /usr/java/jdk1.7.0_71/jre/lib/amd64/server/libjvm.so
7f0508c77000-7f0508cba000 rw-p 00000000 00:00 0 
7f0508cba000-7f0508cd0000 r-xp 00000000 fd:00 800225                     /usr/java/jdk1.7.0_71/jre/lib/amd64/jli/libjli.so
7f0508cd0000-7f0508ed0000 ---p 00016000 fd:00 800225                     /usr/java/jdk1.7.0_71/jre/lib/amd64/jli/libjli.so
7f0508ed0000-7f0508ed1000 rw-p 00016000 fd:00 800225                     /usr/java/jdk1.7.0_71/jre/lib/amd64/jli/libjli.so
7f0508ed1000-7f0508ed2000 rw-p 00000000 00:00 0 
7f0508ee1000-7f0508ee3000 rw-p 00000000 00:00 0 
7f0508ee3000-7f0508eeb000 rw-s 00000000 fd:00 1575165                    /tmp/hsperfdata_amq/22844
7f0508eeb000-7f0508eec000 rw-p 00000000 00:00 0 
7f0508eec000-7f0508eed000 r--p 00000000 00:00 0 
7f0508eed000-7f0508eee000 rw-p 00000000 00:00 0 
7fffa6417000-7fffa642c000 rw-p 00000000 00:00 0                          [stack]
7fffa656f000-7fffa6570000 r-xp 00000000 00:00 0                          [vdso]
ffffffffff600000-ffffffffff601000 r-xp 00000000 00:00 0                  [vsyscall]

VM Arguments:
jvm_args: -Djava.util.logging.manager=org.apache.juli.ClassLoaderLogManager -Djava.endorsed.dirs=/home/amq/appServer/tomcat-6.0/endorsed -Dcatalina.base=/home/amq/appServer/tomcat-6.0 -Dcatalina.home=/home/amq/appServer/tomcat-6.0 -Djava.io.tmpdir=/home/amq/appServer/tomcat-6.0/temp 
java_command: org.apache.catalina.startup.Bootstrap stop
Launcher Type: SUN_STANDARD

Environment Variables:
JAVA_HOME=/usr/java/jdk1.7.0_71/
JRE_HOME=/usr/java/jdk1.7.0_71/jre
PATH=/usr/lib64/qt-3.3/bin:/usr/local/bin:/bin:/usr/bin:/usr/local/sbin:/usr/sbin:/sbin:/usr/java/jdk1.7.0_71//bin:/usr/java/jdk1.7.0_71/jre/bin:/home/amq/bin:/home/amq/bin:/amq/activemq/bin:/usr/java/jdk1.7.0_71//bin:/usr/java/jdk1.7.0_71/jre/bin
SHELL=/bin/bash

Signal Handlers:
SIGSEGV: [libjvm.so+0x9a1330], sa_mask[0]=0x7ffbfeff, sa_flags=0x10000004
SIGBUS: [libjvm.so+0x9a1330], sa_mask[0]=0x7ffbfeff, sa_flags=0x10000004
SIGFPE: [libjvm.so+0x81b390], sa_mask[0]=0x7ffbfeff, sa_flags=0x10000004
SIGPIPE: [libjvm.so+0x81b390], sa_mask[0]=0x7ffbfeff, sa_flags=0x10000004
SIGXFSZ: [libjvm.so+0x81b390], sa_mask[0]=0x7ffbfeff, sa_flags=0x10000004
SIGILL: [libjvm.so+0x81b390], sa_mask[0]=0x7ffbfeff, sa_flags=0x10000004
SIGUSR1: SIG_DFL, sa_mask[0]=0x00000000, sa_flags=0x00000000
SIGUSR2: [libjvm.so+0x81cb90], sa_mask[0]=0x00000000, sa_flags=0x10000004
SIGHUP: SIG_DFL, sa_mask[0]=0x00000000, sa_flags=0x00000000
SIGINT: SIG_DFL, sa_mask[0]=0x00000000, sa_flags=0x00000000
SIGTERM: SIG_DFL, sa_mask[0]=0x00000000, sa_flags=0x00000000
SIGQUIT: SIG_DFL, sa_mask[0]=0x00000000, sa_flags=0x00000000


---------------  S Y S T E M  ---------------

OS:Red Hat Enterprise Linux Server release 6.4 (Santiago)

uname:Linux 2.6.32-358.el6.x86_64 #1 SMP Tue Jan 29 11:47:41 EST 2013 x86_64
libc:glibc 2.12 NPTL 2.12 
rlimit: STACK 10240k, CORE 0k, NPROC 1024, NOFILE 4096, AS infinity
load average:1.72 1.52 1.58

/proc/meminfo:
MemTotal:        8061592 kB
MemFree:          791364 kB
Buffers:           77308 kB
Cached:           948236 kB
SwapCached:         9756 kB
Active:          2540416 kB
Inactive:         908516 kB
Active(anon):    1995644 kB
Inactive(anon):   429028 kB
Active(file):     544772 kB
Inactive(file):   479488 kB
Unevictable:           0 kB
Mlocked:               0 kB
SwapTotal:       4063224 kB
SwapFree:        3860480 kB
Dirty:              3232 kB
Writeback:             0 kB
AnonPages:       2412596 kB
Mapped:            25388 kB
Shmem:              1284 kB
Slab:             140796 kB
SReclaimable:     102964 kB
SUnreclaim:        37832 kB
KernelStack:       10304 kB
PageTables:        19080 kB
NFS_Unstable:          0 kB
Bounce:                0 kB
WritebackTmp:          0 kB
CommitLimit:     8094020 kB
Committed_AS:    8418604 kB
VmallocTotal:   34359738367 kB
VmallocUsed:      289304 kB
VmallocChunk:   34359443324 kB
HardwareCorrupted:     0 kB
AnonHugePages:   2097152 kB
HugePages_Total:       0
HugePages_Free:        0
HugePages_Rsvd:        0
HugePages_Surp:        0
Hugepagesize:       2048 kB
DirectMap4k:       10240 kB
DirectMap2M:     8378368 kB


CPU:total 4 (1 cores per cpu, 1 threads per core) family 6 model 29 stepping 1, cmov, cx8, fxsr, mmx, sse, sse2, sse3, ssse3, sse4.1, tsc, tscinvbit

/proc/cpuinfo:
processor	: 0
vendor_id	: GenuineIntel
cpu family	: 6
model		: 29
model name	: Intel(R) Xeon(R) CPU           E7450  @ 2.40GHz
stepping	: 1
cpu MHz		: 2398.784
cache size	: 12288 KB
fpu		: yes
fpu_exception	: yes
cpuid level	: 11
wp		: yes
flags		: fpu vme de pse tsc msr pae mce cx8 apic sep mtrr pge mca cmov pat pse36 clflush dts acpi mmx fxsr sse sse2 ss syscall nx lm constant_tsc arch_perfmon pebs bts xtopology tsc_reliable nonstop_tsc aperfmperf unfair_spinlock pni ssse3 cx16 sse4_1 hypervisor lahf_lm dts
bogomips	: 4797.56
clflush size	: 64
cache_alignment	: 64
address sizes	: 40 bits physical, 48 bits virtual
power management:

processor	: 1
vendor_id	: GenuineIntel
cpu family	: 6
model		: 29
model name	: Intel(R) Xeon(R) CPU           E7450  @ 2.40GHz
stepping	: 1
cpu MHz		: 2398.784
cache size	: 12288 KB
fpu		: yes
fpu_exception	: yes
cpuid level	: 11
wp		: yes
flags		: fpu vme de pse tsc msr pae mce cx8 apic sep mtrr pge mca cmov pat pse36 clflush dts acpi mmx fxsr sse sse2 ss syscall nx lm constant_tsc arch_perfmon pebs bts xtopology tsc_reliable nonstop_tsc aperfmperf unfair_spinlock pni ssse3 cx16 sse4_1 hypervisor lahf_lm dts
bogomips	: 4797.56
clflush size	: 64
cache_alignment	: 64
address sizes	: 40 bits physical, 48 bits virtual
power management:

processor	: 2
vendor_id	: GenuineIntel
cpu family	: 6
model		: 29
model name	: Intel(R) Xeon(R) CPU           E7450  @ 2.40GHz
stepping	: 1
cpu MHz		: 2398.784
cache size	: 12288 KB
fpu		: yes
fpu_exception	: yes
cpuid level	: 11
wp		: yes
flags		: fpu vme de pse tsc msr pae mce cx8 apic sep mtrr pge mca cmov pat pse36 clflush dts acpi mmx fxsr sse sse2 ss syscall nx lm constant_tsc arch_perfmon pebs bts xtopology tsc_reliable nonstop_tsc aperfmperf unfair_spinlock pni ssse3 cx16 sse4_1 hypervisor lahf_lm dts
bogomips	: 4797.56
clflush size	: 64
cache_alignment	: 64
address sizes	: 40 bits physical, 48 bits virtual
power management:

processor	: 3
vendor_id	: GenuineIntel
cpu family	: 6
model		: 29
model name	: Intel(R) Xeon(R) CPU           E7450  @ 2.40GHz
stepping	: 1
cpu MHz		: 2398.784
cache size	: 12288 KB
fpu		: yes
fpu_exception	: yes
cpuid level	: 11
wp		: yes
flags		: fpu vme de pse tsc msr pae mce cx8 apic sep mtrr pge mca cmov pat pse36 clflush dts acpi mmx fxsr sse sse2 ss syscall nx lm constant_tsc arch_perfmon pebs bts xtopology tsc_reliable nonstop_tsc aperfmperf unfair_spinlock pni ssse3 cx16 sse4_1 hypervisor lahf_lm dts
bogomips	: 4797.56
clflush size	: 64
cache_alignment	: 64
address sizes	: 40 bits physical, 48 bits virtual
power management:



Memory: 4k page, physical 8061592k(791364k free), swap 4063224k(3860480k free)

vm_info: Java HotSpot(TM) 64-Bit Server VM (24.71-b01) for linux-amd64 JRE (1.7.0_71-b14), built on Sep 26 2014 16:41:40 by "java_re" with gcc 4.3.0 20080428 (Red Hat 4.3.0-8)

time: Mon Mar  7 00:04:13 2016
elapsed time: 0 seconds

